<?xml version="1.0" encoding="UTF-8"?>
<!-- Generated by org.testng.reporters.JUnitXMLReporter -->
<testsuite ignored="0" hostname="LAPTOP-G0MP1LNB" failures="0" tests="3" name="Default test" time="5.413" errors="0" timestamp="2025-04-19T09:10:09 IST">
  <testcase classname="createlead.leads" name="login" time="0.278"/>
  <testcase classname="createlead.leads" name="createlead" time="3.011"/>
  <testcase classname="createlead.leads" name="createlead" time="0.936"/>
</testsuite> <!-- Default test -->
