<?xml version="1.0" encoding="UTF-8"?>
<!-- Generated by org.testng.reporters.JUnitXMLReporter -->
<testsuite ignored="0" hostname="LAPTOP-G0MP1LNB" failures="0" tests="3" name="Default test" time="8.041" errors="0" timestamp="2025-04-19T09:41:11 IST">
  <testcase classname="createlead.leads" name="login" time="0.357"/>
  <testcase classname="createlead.leads" name="createlead" time="3.502"/>
  <testcase classname="createlead.leads" name="createlead" time="1.264"/>
</testsuite> <!-- Default test -->
