<?xml version="1.0" encoding="UTF-8"?>
<testng-results ignored="0" total="7" passed="6" failed="1" skipped="0">
  <reporter-output>
  </reporter-output>
  <suite started-at="2025-04-15T09:54:36 IST" name="Suite" finished-at="2025-04-15T09:54:51 IST" duration-ms="15631">
    <groups>
    </groups>
    <test started-at="2025-04-15T09:54:36 IST" name="Test" finished-at="2025-04-15T09:54:51 IST" duration-ms="15631">
      <class name="createlead.leads">
        <test-method is-config="true" signature="OpenURL()[pri:0, instance:createlead.leads@50caa560]" started-at="2025-04-15T09:54:36 IST" name="OpenURL" finished-at="2025-04-15T09:54:42 IST" duration-ms="6071" status="PASS">
          <reporter-output>
          </reporter-output>
        </test-method> <!-- OpenURL -->
        <test-method signature="login()[pri:1, instance:createlead.leads@50caa560]" started-at="2025-04-15T09:54:44 IST" name="login" finished-at="2025-04-15T09:54:45 IST" duration-ms="288" status="PASS">
          <reporter-output>
          </reporter-output>
        </test-method> <!-- login -->
        <test-method signature="createlead(java.lang.String,java.lang.String,java.lang.String)[pri:2, instance:createlead.leads@50caa560]" started-at="2025-04-15T09:54:45 IST" name="createlead" data-provider="leadData" finished-at="2025-04-15T09:54:49 IST" duration-ms="4290" status="PASS">
          <params>
            <param index="0">
              <value>
                <![CDATA[Kiran]]>
              </value>
            </param>
            <param index="1">
              <value>
                <![CDATA[kiran@gmail.com]]>
              </value>
            </param>
            <param index="2">
              <value>
                <![CDATA[8019684875]]>
              </value>
            </param>
          </params>
          <reporter-output>
          </reporter-output>
        </test-method> <!-- createlead -->
        <test-method signature="createlead(java.lang.String,java.lang.String,java.lang.String)[pri:2, instance:createlead.leads@50caa560]" started-at="2025-04-15T09:54:49 IST" name="createlead" data-provider="leadData" finished-at="2025-04-15T09:54:50 IST" duration-ms="1092" status="FAIL">
          <params>
            <param index="0">
              <value>
                <![CDATA[maheshwaran]]>
              </value>
            </param>
            <param index="1">
              <value>
                <![CDATA[maheshwaran@gmail.com]]>
              </value>
            </param>
            <param index="2">
              <value>
                <![CDATA[8019684875]]>
              </value>
            </param>
          </params>
          <exception class="org.openqa.selenium.ElementClickInterceptedException">
            <message>
              <![CDATA[element click intercepted: Element <span>...</span> is not clickable at point (261, 34). Other element would receive the click: <div class="relative p-4 w-full max-w-3xl xl:max-w-5xl">...</div>
  (Session info: chrome=135.0.7049.85)
Build info: version: '4.25.0', revision: '030fcf7918'
System info: os.name: 'Windows 11', os.arch: 'amd64', os.version: '10.0', java.version: '19.0.2'
Driver info: org.openqa.selenium.chrome.ChromeDriver
Command: [e47482d11e0f425742dc7c9d536189f9, clickElement {id=f.6FA69B7F53FCDE8603367963A83A5C4F.d.850E8A2A35086916B7AAB5D4AC4344A9.e.85}]
Capabilities {acceptInsecureCerts: false, browserName: chrome, browserVersion: 135.0.7049.85, chrome: {chromedriverVersion: 135.0.7049.84 (6c019e560019..., userDataDir: C:\Users\mayno\AppData\Loca...}, fedcm:accounts: true, goog:chromeOptions: {debuggerAddress: localhost:52024}, networkConnectionEnabled: false, pageLoadStrategy: normal, platformName: windows, proxy: Proxy(), se:cdp: ws://localhost:52024/devtoo..., se:cdpVersion: 135.0.7049.85, setWindowRect: true, strictFileInteractability: false, timeouts: {implicit: 0, pageLoad: 300000, script: 30000}, unhandledPromptBehavior: dismiss and notify, webauthn:extension:credBlob: true, webauthn:extension:largeBlob: true, webauthn:extension:minPinLength: true, webauthn:extension:prf: true, webauthn:virtualAuthenticators: true}
Element: [[ChromeDriver: chrome on windows (e47482d11e0f425742dc7c9d536189f9)] -> xpath: //span[text()='Leads']]
Session ID: e47482d11e0f425742dc7c9d536189f9]]>
            </message>
            <full-stacktrace>
              <![CDATA[org.openqa.selenium.ElementClickInterceptedException: element click intercepted: Element <span>...</span> is not clickable at point (261, 34). Other element would receive the click: <div class="relative p-4 w-full max-w-3xl xl:max-w-5xl">...</div>
  (Session info: chrome=135.0.7049.85)
Build info: version: '4.25.0', revision: '030fcf7918'
System info: os.name: 'Windows 11', os.arch: 'amd64', os.version: '10.0', java.version: '19.0.2'
Driver info: org.openqa.selenium.chrome.ChromeDriver
Command: [e47482d11e0f425742dc7c9d536189f9, clickElement {id=f.6FA69B7F53FCDE8603367963A83A5C4F.d.850E8A2A35086916B7AAB5D4AC4344A9.e.85}]
Capabilities {acceptInsecureCerts: false, browserName: chrome, browserVersion: 135.0.7049.85, chrome: {chromedriverVersion: 135.0.7049.84 (6c019e560019..., userDataDir: C:\Users\mayno\AppData\Loca...}, fedcm:accounts: true, goog:chromeOptions: {debuggerAddress: localhost:52024}, networkConnectionEnabled: false, pageLoadStrategy: normal, platformName: windows, proxy: Proxy(), se:cdp: ws://localhost:52024/devtoo..., se:cdpVersion: 135.0.7049.85, setWindowRect: true, strictFileInteractability: false, timeouts: {implicit: 0, pageLoad: 300000, script: 30000}, unhandledPromptBehavior: dismiss and notify, webauthn:extension:credBlob: true, webauthn:extension:largeBlob: true, webauthn:extension:minPinLength: true, webauthn:extension:prf: true, webauthn:virtualAuthenticators: true}
Element: [[ChromeDriver: chrome on windows (e47482d11e0f425742dc7c9d536189f9)] -> xpath: //span[text()='Leads']]
Session ID: e47482d11e0f425742dc7c9d536189f9
at java.base/jdk.internal.reflect.DirectConstructorHandleAccessor.newInstance(DirectConstructorHandleAccessor.java:67)
at java.base/java.lang.reflect.Constructor.newInstanceWithCaller(Constructor.java:500)
at java.base/java.lang.reflect.Constructor.newInstance(Constructor.java:484)
at org.openqa.selenium.remote.ErrorCodec.decode(ErrorCodec.java:167)
at org.openqa.selenium.remote.codec.w3c.W3CHttpResponseCodec.decode(W3CHttpResponseCodec.java:138)
at org.openqa.selenium.remote.codec.w3c.W3CHttpResponseCodec.decode(W3CHttpResponseCodec.java:50)
at org.openqa.selenium.remote.HttpCommandExecutor.execute(HttpCommandExecutor.java:190)
at org.openqa.selenium.remote.service.DriverCommandExecutor.invokeExecute(DriverCommandExecutor.java:216)
at org.openqa.selenium.remote.service.DriverCommandExecutor.execute(DriverCommandExecutor.java:174)
at org.openqa.selenium.remote.RemoteWebDriver.execute(RemoteWebDriver.java:545)
at org.openqa.selenium.remote.RemoteWebElement.execute(RemoteWebElement.java:223)
at org.openqa.selenium.remote.RemoteWebElement.click(RemoteWebElement.java:76)
at createlead.leads.createlead(leads.java:47)
at java.base/jdk.internal.reflect.DirectMethodHandleAccessor.invoke(DirectMethodHandleAccessor.java:104)
at java.base/java.lang.reflect.Method.invoke(Method.java:578)
at org.testng.internal.invokers.MethodInvocationHelper.invokeMethod(MethodInvocationHelper.java:141)
at org.testng.internal.invokers.TestInvoker.invokeMethod(TestInvoker.java:686)
at org.testng.internal.invokers.TestInvoker.invokeTestMethod(TestInvoker.java:230)
at org.testng.internal.invokers.MethodRunner.runInSequence(MethodRunner.java:63)
at org.testng.internal.invokers.TestInvoker$MethodInvocationAgent.invoke(TestInvoker.java:992)
at org.testng.internal.invokers.TestInvoker.invokeTestMethods(TestInvoker.java:203)
at org.testng.internal.invokers.TestMethodWorker.invokeTestMethods(TestMethodWorker.java:154)
at org.testng.internal.invokers.TestMethodWorker.run(TestMethodWorker.java:134)
at java.base/java.util.ArrayList.forEach(ArrayList.java:1511)
at org.testng.TestRunner.privateRun(TestRunner.java:739)
at org.testng.TestRunner.run(TestRunner.java:614)
at org.testng.SuiteRunner.runTest(SuiteRunner.java:421)
at org.testng.SuiteRunner.runSequentially(SuiteRunner.java:413)
at org.testng.SuiteRunner.privateRun(SuiteRunner.java:373)
at org.testng.SuiteRunner.run(SuiteRunner.java:312)
at org.testng.SuiteRunnerWorker.runSuite(SuiteRunnerWorker.java:52)
at org.testng.SuiteRunnerWorker.run(SuiteRunnerWorker.java:95)
at org.testng.TestNG.runSuitesSequentially(TestNG.java:1274)
at org.testng.TestNG.runSuitesLocally(TestNG.java:1208)
at org.testng.TestNG.runSuites(TestNG.java:1112)
at org.testng.TestNG.run(TestNG.java:1079)
at org.testng.remote.AbstractRemoteTestNG.run(AbstractRemoteTestNG.java:115)
at org.testng.remote.RemoteTestNG.initAndRun(RemoteTestNG.java:293)
at org.testng.remote.RemoteTestNG.main(RemoteTestNG.java:91)
]]>
            </full-stacktrace>
          </exception> <!-- org.openqa.selenium.ElementClickInterceptedException -->
          <reporter-output>
          </reporter-output>
        </test-method> <!-- createlead -->
        <test-method signature="createlead(java.lang.String,java.lang.String,java.lang.String)[pri:2, instance:createlead.leads@50caa560]" started-at="2025-04-15T09:54:50 IST" name="createlead" data-provider="leadData" finished-at="2025-04-15T09:54:51 IST" duration-ms="1405" status="PASS">
          <params>
            <param index="0">
              <value>
                <![CDATA[ashwin]]>
              </value>
            </param>
            <param index="1">
              <value>
                <![CDATA[ashwin@gmail.com]]>
              </value>
            </param>
            <param index="2">
              <value>
                <![CDATA[9908088535]]>
              </value>
            </param>
          </params>
          <reporter-output>
          </reporter-output>
        </test-method> <!-- createlead -->
      </class> <!-- createlead.leads -->
      <class name="login.creds">
        <test-method is-config="true" signature="setup()[pri:0, instance:login.creds@60015ef5]" started-at="2025-04-15T09:54:42 IST" name="setup" finished-at="2025-04-15T09:54:43 IST" duration-ms="1014" status="PASS">
          <reporter-output>
          </reporter-output>
        </test-method> <!-- setup -->
        <test-method signature="openURL()[pri:0, instance:login.creds@60015ef5]" started-at="2025-04-15T09:54:43 IST" name="openURL" finished-at="2025-04-15T09:54:44 IST" duration-ms="1011" status="PASS">
          <reporter-output>
          </reporter-output>
        </test-method> <!-- openURL -->
        <test-method signature="Credentials()[pri:1, instance:login.creds@60015ef5]" started-at="2025-04-15T09:54:44 IST" name="Credentials" finished-at="2025-04-15T09:54:44 IST" duration-ms="297" status="PASS">
          <reporter-output>
          </reporter-output>
        </test-method> <!-- Credentials -->
        <test-method signature="submit()[pri:2, instance:login.creds@60015ef5]" started-at="2025-04-15T09:54:44 IST" name="submit" finished-at="2025-04-15T09:54:44 IST" duration-ms="76" status="PASS">
          <reporter-output>
          </reporter-output>
        </test-method> <!-- submit -->
      </class> <!-- login.creds -->
    </test> <!-- Test -->
  </suite> <!-- Suite -->
</testng-results>
