<?xml version="1.0" encoding="UTF-8"?>
<testng-results ignored="0" total="3" passed="3" failed="0" skipped="0">
  <reporter-output>
  </reporter-output>
  <suite started-at="2025-04-19T09:31:45 IST" name="Default suite" finished-at="2025-04-19T09:31:50 IST" duration-ms="4719">
    <groups>
    </groups>
    <test started-at="2025-04-19T09:31:45 IST" name="Default test" finished-at="2025-04-19T09:31:50 IST" duration-ms="4719">
      <class name="login.creds">
        <test-method is-config="true" signature="setup()[pri:0, instance:login.creds@ba54932]" started-at="2025-04-19T09:31:45 IST" name="setup" finished-at="2025-04-19T09:31:49 IST" duration-ms="3264" status="PASS">
          <reporter-output>
          </reporter-output>
        </test-method> <!-- setup -->
        <test-method signature="openURL()[pri:0, instance:login.creds@ba54932]" started-at="2025-04-19T09:31:49 IST" name="openURL" finished-at="2025-04-19T09:31:50 IST" duration-ms="1004" status="PASS">
          <reporter-output>
          </reporter-output>
        </test-method> <!-- openURL -->
        <test-method signature="Credentials()[pri:1, instance:login.creds@ba54932]" started-at="2025-04-19T09:31:50 IST" name="Credentials" finished-at="2025-04-19T09:31:50 IST" duration-ms="275" status="PASS">
          <reporter-output>
          </reporter-output>
        </test-method> <!-- Credentials -->
        <test-method signature="submit()[pri:2, instance:login.creds@ba54932]" started-at="2025-04-19T09:31:50 IST" name="submit" finished-at="2025-04-19T09:31:50 IST" duration-ms="105" status="PASS">
          <reporter-output>
          </reporter-output>
        </test-method> <!-- submit -->
      </class> <!-- login.creds -->
    </test> <!-- Default test -->
  </suite> <!-- Default suite -->
</testng-results>
